<?xml version="1.0" encoding="UTF-8"?>
<testsuite name="DeleteMethod" tests="2" skipped="0" failures="0" errors="0" timestamp="2021-10-21T12:40:00" hostname="Nityas-MacBook-Pro.local" time="3.917">
  <properties/>
  <testcase name="deleteAllUsers" classname="DeleteMethod" time="3.443"/>
  <testcase name="deleteUser" classname="DeleteMethod" time="0.474"/>
  <system-out><![CDATA[

]]></system-out>
  <system-err><![CDATA[]]></system-err>
</testsuite>
